2022-06-06 01:11:25,641 pygame started
2022-06-06 01:11:28,000 (localhost:2001) connected
2022-06-06 01:11:30,041 (localhost:2002) connected
2022-06-06 01:11:41,591 On Auto Pilot. Good Luck!
2022-06-06 01:11:42,037 R adj (0.076)  |  R adj (0.068)  |  R adj (0.096)  |  R adj (0.03)  |  R adj (0.035)  |  R adj (0.034)  |  
2022-06-06 01:11:42,427 R adj (0.071)  |  R adj (0.037)  |  R adj (0.051)  |  R adj (0.028)  |  R adj (0.051)  |  R adj (0.028)  |  
2022-06-06 01:11:42,738 R adj (0.025)  |  R adj (0.026)  |  R adj (0.07)  |  R adj (0.017)  |  R adj (0.062)  |  R adj (0.056)  |  
2022-06-06 01:11:43,229 R adj (0.03)  |  R adj (0.06)  |  R adj (0.024)  |  R adj (0.031)  |  R adj (0.033)  |  R adj (0.076)  |  
2022-06-06 01:11:43,619 R adj (0.059)  |  R adj (0.073)  |  R adj (0.064)  |  R adj (0.061)  |  R adj (0.06)  |  R adj (0.063)  |  
2022-06-06 01:11:44,507 R adj (0.029)  |  R adj (0.018)  |  R adj (0.033)  |  R adj (0.02)  |  R adj (0.031)  |  R adj (0.03)  |  
2022-06-06 01:11:44,881 R adj (0.02)  |  R adj (0.059)  |  R adj (0.056)  |  R adj (0.027)  |  R adj (0.021)  |  R adj (0.032)  |  
2022-06-06 01:11:46,081 R adj (0.027)  |  R adj (0.025)  |  R adj (0.02)  |  R adj (0.021)  |  R adj (0.032)  |  R adj (0.021)  |  
2022-06-06 01:11:50,086 R adj (0.022)  |  R adj (0.013)  |  R adj (0.008)  |  R adj (0.013)  |  R adj (0.024)  |  R adj (0.016)  |  
2022-06-06 01:11:52,234 R adj (0.025)  |  R adj (0.01)  |  R adj (0.01)  |  R adj (0.015)  |  R adj (0.018)  |  R adj (0.01)  |  
2022-06-06 01:11:53,020 R adj (0.028)  |  R adj (0.013)  |  R adj (0.016)  |  R adj (0.015)  |  R adj (0.008)  |  R adj (0.029)  |  
2022-06-06 01:11:53,817 R adj (0.01)  |  R adj (0.013)  |  R adj (0.032)  |  R adj (0.012)  |  R adj (0.025)  |  turn-R-0.01-score-0.26  |  
2022-06-06 01:11:54,035 turn-R-0.02-score-0.29  |  turn-R-0.02-score-0.3  |  turn-R-0.02-score-0.31  |  turn-R-0.04-score-0.42  |  
2022-06-06 01:11:54,245 turn-R-0.04-score-0.42  |  turn-R-0.06-score-0.57  |  turn-R-0.18-score-0.61  |  turn-R-0.21-score-0.69  |  
2022-06-06 01:11:54,444 turn-R-0.19-score-0.62  |  turn-R-0.32-score-0.9  |  turn-R-0.32-score-0.91  |  turn-R-0.37-score-1.05  |  
2022-06-06 01:11:54,634 turn-R-0.39-score-1.11  |  turn-R-0.37-score-1.05  |  turn-R-0.65-score-1.09  |  turn-R-0.65-score-1.09  |  
2022-06-06 01:11:54,810 turn-R-0.65-score-1.17  |  turn-R-0.65-score-1.16  |  turn-R-0.65-score-1.13  |  turn-R-0.65-score-1.13  |  
2022-06-06 01:11:54,998 turn-R-0.65-score-1.14  |  turn-R-0.65-score-1.18  |  turn-R-0.65-score-1.14  |  turn-R-0.65-score-1.21  |  
2022-06-06 01:11:55,192 turn-R-0.65-score-1.24  |  turn-R-0.65-score-1.15  |  turn-R-0.65-score-1.1  |  turn-R-0.65-score-1.04  |  
2022-06-06 01:11:55,429 turn-R-0.65-score-1.08  |  turn-R-0.65-score-0.97  |  turn-R-0.65-score-0.85  |  turn-R-0.65-score-0.9  |  
2022-06-06 01:11:55,637 turn-R-0.65-score-0.83  |  turn-R-0.56-score-0.78  |  turn-R-0.5-score-0.69  |  turn-R-0.44-score-0.62  |  
2022-06-06 01:11:55,916 turn-R-0.12-score-0.51  |  turn-R-0.13-score-0.53  |  turn-R-0.1-score-0.41  |  turn-R-0.07-score-0.4  |  
2022-06-06 01:11:56,171 turn-R-0.11-score-0.45  |  turn-R-0.07-score-0.37  |  turn-R-0.06-score-0.33  |  turn-R-0.06-score-0.33  |  
2022-06-06 01:11:56,588 turn-R-0.05-score-0.26  |  turn-R-0.04-score-0.24  |  turn-R-0.05-score-0.25  |  turn-R-0.05-score-0.26  |  
2022-06-06 01:11:56,858 turn-R-0.05-score-0.26  |  turn-R-0.05-score-0.26  |  turn-R-0.06-score-0.33  |  turn-R-0.1-score-0.4  |  
2022-06-06 01:11:57,132 turn-R-0.07-score-0.39  |  turn-R-0.07-score-0.38  |  turn-R-0.07-score-0.39  |  turn-R-0.1-score-0.44  |  
2022-06-06 01:11:57,422 turn-R-0.1-score-0.41  |  turn-R-0.12-score-0.49  |  turn-R-0.12-score-0.48  |  turn-R-0.13-score-0.55  |  
2022-06-06 01:11:57,690 turn-R-0.11-score-0.48  |  turn-R-0.1-score-0.42  |  turn-R-0.12-score-0.5  |  turn-R-0.12-score-0.48  |  
2022-06-06 01:11:57,977 turn-R-0.1-score-0.43  |  turn-R-0.12-score-0.5  |  turn-R-0.11-score-0.45  |  turn-R-0.11-score-0.45  |  
2022-06-06 01:11:58,272 turn-R-0.11-score-0.44  |  turn-R-0.1-score-0.41  |  turn-R-0.11-score-0.44  |  turn-R-0.07-score-0.37  |  
2022-06-06 01:11:58,563 turn-R-0.06-score-0.33  |  turn-R-0.05-score-0.3  |  turn-R-0.06-score-0.31  |  turn-R-0.05-score-0.27  |  
2022-06-06 01:11:58,979 turn-R-0.05-score-0.26  |  turn-R-0.05-score-0.27  |  turn-R-0.05-score-0.26  |  turn-R-0.02-score-0.23  |  
2022-06-06 01:12:00,100 turn-R-0.02-score-0.21  |  R adj (0.03)  |  R adj (0.056)  |  R adj (0.043)  |  R adj (0.034)  |  turn-R-0.01-score-0.23  |  
2022-06-06 01:12:02,970 R adj (0.009)  |  R adj (0.014)  |  R adj (0.013)  |  R adj (0.028)  |  turn-R-0.01-score-0.23  |  R adj (0.01)  |  
2022-06-06 01:12:04,315 R adj (0.013)  |  R adj (0.016)  |  R adj (0.011)  |  R adj (0.027)  |  R adj (0.018)  |  R adj (0.015)  |  
2022-06-06 01:12:05,170 R adj (0.022)  |  R adj (0.011)  |  R adj (0.014)  |  R adj (0.011)  |  R adj (0.013)  |  turn-R-0.01-score-0.22  |  
2022-06-06 01:12:06,606 R adj (0.014)  |  R adj (0.016)  |  R adj (0.01)  |  R adj (0.011)  |  turn-R-0.01-score-0.24  |  R adj (0.023)  |  
2022-06-06 01:12:08,986 R adj (0.013)  |  R adj (0.017)  |  R adj (0.021)  |  R adj (0.026)  |  R adj (0.008)  |  R adj (0.013)  |  
2022-06-06 01:12:11,550 R adj (0.008)  |  R adj (0.01)  |  R adj (0.014)  |  turn-R-0.0-score-0.31  |  turn-R-0.0-score-0.27  |  
2022-06-06 01:12:11,794 turn-R-0.0-score-0.29  |  turn-R-0.0-score-0.22  |  turn-R-0.0-score-0.23  |  turn-R-0.0-score-0.27  |  
2022-06-06 01:12:12,106 R adj (0.066)  |  R adj (0.311)  |  R adj (0.459)  |  turn-R-0.01-score-0.23  |  turn-R-0.01-score-0.23  |  
2022-06-06 01:12:12,392 turn-R-0.01-score-0.25  |  turn-R-0.01-score-0.34  |  turn-R-0.01-score-0.41  |  turn-R-0.01-score-0.49  |  
2022-06-06 01:12:12,626 turn-R-0.02-score-0.5  |  turn-R-0.02-score-0.57  |  turn-R-0.03-score-0.58  |  turn-R-0.03-score-0.59  |  
2022-06-06 01:12:12,867 turn-R-0.09-score-0.61  |  turn-R-0.09-score-0.63  |  turn-R-0.1-score-0.66  |  turn-R-0.11-score-0.71  |  
2022-06-06 01:12:13,115 turn-R-0.11-score-0.73  |  turn-R-0.1-score-0.68  |  turn-R-0.11-score-0.7  |  turn-R-0.1-score-0.68  |  
2022-06-06 01:12:13,371 turn-R-0.03-score-0.59  |  turn-R-0.1-score-0.65  |  turn-R-0.06-score-0.6  |  turn-R-0.05-score-0.54  |  
2022-06-06 01:12:13,610 turn-R-0.05-score-0.48  |  turn-R-0.05-score-0.47  |  turn-R-0.11-score-0.44  |  turn-R-0.1-score-0.4  |  
2022-06-06 01:12:13,859 turn-R-0.07-score-0.39  |  turn-R-0.1-score-0.43  |  turn-R-0.06-score-0.32  |  turn-R-0.07-score-0.39  |  
2022-06-06 01:12:14,113 turn-R-0.07-score-0.38  |  turn-R-0.05-score-0.28  |  turn-R-0.05-score-0.27  |  turn-R-0.05-score-0.28  |  
2022-06-06 01:12:14,430 turn-R-0.04-score-0.24  |  R adj (1.189)  |  R adj (0.558)  |  turn-R-0.04-score-0.23  |  R adj (0.527)  |  
2022-06-06 01:12:14,810 R adj (1.046)  |  R adj (0.99)  |  R adj (0.259)  |  R adj (0.108)  |  R adj (0.034)  |  R adj (0.161)  |  
2022-06-06 01:12:15,202 R adj (0.173)  |  R adj (0.161)  |  R adj (0.167)  |  R adj (0.183)  |  R adj (0.165)  |  R adj (0.145)  |  
2022-06-06 01:12:15,768 R adj (0.147)  |  R adj (0.052)  |  R adj (0.122)  |  R adj (0.051)  |  R adj (0.055)  |  turn-R-0.02-score-0.24  |  
2022-06-06 01:12:16,089 turn-R-0.02-score-0.27  |  turn-R-0.02-score-0.23  |  turn-R-0.02-score-0.24  |  turn-R-0.02-score-0.25  |  
2022-06-06 01:12:16,342 turn-R-0.02-score-0.24  |  turn-R-0.01-score-0.24  |  turn-R-0.01-score-0.25  |  turn-R-0.01-score-0.23  |  
2022-06-06 01:12:16,607 turn-R-0.01-score-0.24  |  turn-R-0.01-score-0.26  |  turn-R-0.01-score-0.23  |  turn-R-0.01-score-0.22  |  
2022-06-06 01:12:17,663 turn-R-0.01-score-0.21  |  R adj (0.016)  |  R adj (0.017)  |  R adj (0.027)  |  R adj (0.019)  |  R adj (0.017)  |  
2022-06-06 01:12:18,409 R adj (0.022)  |  R adj (0.015)  |  R adj (0.013)  |  R adj (0.008)  |  R adj (0.009)  |  R adj (0.012)  |  
2022-06-06 01:12:19,704 R adj (0.01)  |  R adj (0.018)  |  R adj (0.014)  |  R adj (0.029)  |  R adj (0.019)  |  R adj (0.015)  |  
2022-06-06 01:12:21,387 R adj (0.009)  |  R adj (0.042)  |  R adj (0.029)  |  turn-R-0.05-score-0.25  |  turn-R-0.07-score-0.37  |  
2022-06-06 01:12:21,688 turn-R-0.06-score-0.35  |  turn-R-0.06-score-0.34  |  turn-R-0.07-score-0.38  |  turn-R-0.11-score-0.47  |  
2022-06-06 01:12:21,999 turn-R-0.11-score-0.46  |  turn-R-0.46-score-0.64  |  turn-R-0.46-score-0.63  |  turn-R-0.5-score-0.69  |  
2022-06-06 01:12:22,310 turn-R-0.5-score-0.7  |  turn-R-0.14-score-0.6  |  turn-R-0.13-score-0.56  |  turn-R-0.11-score-0.44  |  
2022-06-06 01:12:22,638 turn-R-0.11-score-0.46  |  turn-R-0.06-score-0.35  |  turn-R-0.1-score-0.42  |  turn-R-0.07-score-0.36  |  
2022-06-06 01:12:22,968 turn-R-0.1-score-0.42  |  turn-R-0.13-score-0.52  |  turn-R-0.44-score-0.62  |  turn-R-0.14-score-0.57  |  
2022-06-06 01:12:23,289 turn-R-0.12-score-0.51  |  turn-R-0.12-score-0.5  |  turn-R-0.07-score-0.39  |  turn-R-0.12-score-0.5  |  
2022-06-06 01:12:23,633 turn-R-0.13-score-0.56  |  turn-R-0.14-score-0.57  |  turn-R-0.13-score-0.52  |  turn-R-0.13-score-0.53  |  
2022-06-06 01:12:23,991 turn-R-0.12-score-0.5  |  turn-R-0.12-score-0.49  |  turn-R-0.11-score-0.47  |  turn-R-0.1-score-0.4  |  
2022-06-06 01:12:25,089 turn-R-0.06-score-0.31  |  turn-R-0.05-score-0.28  |  turn-R-0.04-score-0.23  |  R adj (0.129)  |  R adj (0.13)  |  
2022-06-06 01:12:25,658 R adj (0.102)  |  R adj (0.125)  |  R adj (0.085)  |  R adj (0.021)  |  R adj (0.057)  |  R adj (0.061)  |  
2022-06-06 01:12:26,488 R adj (0.026)  |  R adj (0.022)  |  R adj (0.019)  |  R adj (0.023)  |  R adj (0.029)  |  R adj (0.036)  |  
2022-06-06 01:12:27,213 R adj (0.031)  |  R adj (0.051)  |  R adj (0.05)  |  R adj (0.058)  |  R adj (0.031)  |  R adj (0.021)  |  
2022-06-06 01:12:27,755 R adj (0.016)  |  R adj (0.035)  |  R adj (0.026)  |  R adj (0.019)  |  R adj (0.018)  |  R adj (0.018)  |  
2022-06-06 01:12:28,173 (localhost:2002) disconnecting
2022-06-06 01:12:28,173 (localhost:2001) disconnecting
2022-06-06 01:12:28,174 (localhost:2000) disconnecting
